[debug] [2024-01-22T01:16:26.771Z] ----------------------------------------------------------------------
[debug] [2024-01-22T01:16:26.772Z] Command:       /usr/local/bin/node /usr/local/bin/firebase init
[debug] [2024-01-22T01:16:26.773Z] CLI Version:   13.0.3
[debug] [2024-01-22T01:16:26.773Z] Platform:      darwin
[debug] [2024-01-22T01:16:26.773Z] Node Version:  v20.10.0
[debug] [2024-01-22T01:16:26.773Z] Time:          Mon Jan 22 2024 06:46:26 GMT+0530 (India Standard Time)
[debug] [2024-01-22T01:16:26.773Z] ----------------------------------------------------------------------
[debug] 
[debug] [2024-01-22T01:16:26.774Z] >>> [apiv2][query] GET https://firebase-public.firebaseio.com/cli.json [none]
[debug] [2024-01-22T01:16:26.802Z] > command requires scopes: ["email","openid","https://www.googleapis.com/auth/cloudplatformprojects.readonly","https://www.googleapis.com/auth/firebase","https://www.googleapis.com/auth/cloud-platform"]
[debug] [2024-01-22T01:16:26.802Z] > authorizing via signed-in user (anadipandey.dev@gmail.com)
[info] 
     ######## #### ########  ######## ########     ###     ######  ########
     ##        ##  ##     ## ##       ##     ##  ##   ##  ##       ##
     ######    ##  ########  ######   ########  #########  ######  ######
     ##        ##  ##    ##  ##       ##     ## ##     ##       ## ##
     ##       #### ##     ## ######## ########  ##     ##  ######  ########

You're about to initialize a Firebase project in this directory:

  /Users/anadikrishnapandey/Documents/Anadi.dev/RPC/rcp-game

[debug] [2024-01-22T01:16:27.532Z] <<< [apiv2][status] GET https://firebase-public.firebaseio.com/cli.json 200
[debug] [2024-01-22T01:16:27.533Z] <<< [apiv2][body] GET https://firebase-public.firebaseio.com/cli.json {"cloudBuildErrorAfter":1594252800000,"cloudBuildWarnAfter":1590019200000,"defaultNode10After":1594252800000,"minVersion":"3.0.5","node8DeploysDisabledAfter":1613390400000,"node8RuntimeDisabledAfter":1615809600000,"node8WarnAfter":1600128000000}
[info] 
=== Account Setup
[info] 
[info] Which account do you want to use for this project? Choose an account or add a new one now
[info] 
[debug] [2024-01-22T01:17:53.937Z] setProjectAccount(/Users/anadikrishnapandey/Documents/Anadi.dev/RPC/rcp-game, anadikrishnapandey@gmail.com)
[info] 
[info] ✔  Using account: anadikrishnapandey@gmail.com 
[info] 
=== Project Setup
[info] 
[info] First, let's associate this project directory with a Firebase project.
[info] You can create multiple project aliases by running firebase use --add, 
[info] but for now we'll just set up a default project.
[info] 
[debug] [2024-01-22T01:18:12.454Z] > refreshing access token with scopes: []
[debug] [2024-01-22T01:18:12.456Z] >>> [apiv2][query] POST https://www.googleapis.com/oauth2/v3/token [none]
[debug] [2024-01-22T01:18:12.456Z] >>> [apiv2][body] POST https://www.googleapis.com/oauth2/v3/token [omitted]
[debug] [2024-01-22T01:18:12.802Z] <<< [apiv2][status] POST https://www.googleapis.com/oauth2/v3/token 200
[debug] [2024-01-22T01:18:12.802Z] <<< [apiv2][body] POST https://www.googleapis.com/oauth2/v3/token [omitted]
[debug] [2024-01-22T01:18:12.808Z] >>> [apiv2][query] GET https://firebase.googleapis.com/v1beta1/projects pageSize=100
[debug] [2024-01-22T01:18:13.880Z] <<< [apiv2][status] GET https://firebase.googleapis.com/v1beta1/projects 200
[debug] [2024-01-22T01:18:13.881Z] <<< [apiv2][body] GET https://firebase.googleapis.com/v1beta1/projects [omitted]
[info] i  Using project rcpg-68300 (RCPG) 
[info] 
=== Hosting Setup
[debug] [2024-01-22T01:18:21.266Z] >>> [apiv2][query] GET https://firebase.googleapis.com/v1beta1/projects/rcpg-68300 [none]
[debug] [2024-01-22T01:18:22.205Z] <<< [apiv2][status] GET https://firebase.googleapis.com/v1beta1/projects/rcpg-68300 200
[debug] [2024-01-22T01:18:22.205Z] <<< [apiv2][body] GET https://firebase.googleapis.com/v1beta1/projects/rcpg-68300 {"projectId":"rcpg-68300","projectNumber":"297701862537","displayName":"RCPG","name":"projects/rcpg-68300","resources":{"hostingSite":"rcpg-68300"},"state":"ACTIVE","etag":"1_3840d325-c4e1-44b3-9f8e-274cfa2ff52c"}
[info] 
[info] Your public directory is the folder (relative to your project directory) that
[info] will contain Hosting assets to be uploaded with firebase deploy. If you
[info] have a build process for your assets, use your build's output directory.
[info] 
[debug] [2024-01-22T01:19:21.696Z] >>> [apiv2][query] GET https://www.gstatic.com/firebasejs/releases.json [none]
[debug] [2024-01-22T01:19:21.904Z] <<< [apiv2][status] GET https://www.gstatic.com/firebasejs/releases.json 200
[debug] [2024-01-22T01:19:21.904Z] <<< [apiv2][body] GET https://www.gstatic.com/firebasejs/releases.json {"current":{"version":"10.7.2","browserURL":"https://www.gstatic.com/firebasejs/10.7.2/firebase.js","packageURL":"https://www.gstatic.com/firebasejs/10.7.2/firebase.tgz"},"live":{"version":"10.7","browserURL":"https://www.gstatic.com/firebasejs/live/10.7/firebase.js","packageURL":"https://www.gstatic.com/firebasejs/live/10.7/firebase.tgz"},"components":{"analytics":"https://www.gstatic.com/firebasejs/10.7.2/firebase-analytics.js","app":"https://www.gstatic.com/firebasejs/10.7.2/firebase-app.js","app-check":"https://www.gstatic.com/firebasejs/10.7.2/firebase-app-check.js","auth":"https://www.gstatic.com/firebasejs/10.7.2/firebase-auth.js","auth/cordova":"https://www.gstatic.com/firebasejs/10.7.2/firebase-auth/cordova.js","functions":"https://www.gstatic.com/firebasejs/10.7.2/firebase-functions.js","firestore":"https://www.gstatic.com/firebasejs/10.7.2/firebase-firestore.js","firestore/lite":"https://www.gstatic.com/firebasejs/10.7.2/firebase-firestore/lite.js","installations":"https://www.gstatic.com/firebasejs/10.7.2/firebase-installations.js","storage":"https://www.gstatic.com/firebasejs/10.7.2/firebase-storage.js","performance":"https://www.gstatic.com/firebasejs/10.7.2/firebase-performance.js","remote-config":"https://www.gstatic.com/firebasejs/10.7.2/firebase-remote-config.js","messaging":"https://www.gstatic.com/firebasejs/10.7.2/firebase-messaging.js","messaging/sw":"https://www.gstatic.com/firebasejs/10.7.2/firebase-messaging/sw.js","database":"https://www.gstatic.com/firebasejs/10.7.2/firebase-database.js","firestore.memory":"https://www.gstatic.com/firebasejs/10.7.2/firebase-firestore.memory.js"}}
[info] i  Skipping write of build/index.html 
[info] 
[info] i  Detected a .git folder at /Users/anadikrishnapandey/Documents/Anadi.dev/RPC/rcp-game 
[info] i  Authorizing with GitHub to upload your service account to a GitHub repository's secrets store. 
[info] 
[info] Visit this URL on this device to log in:
[info] https://github.com/login/oauth/authorize?client_id=89cf50f02ac6aaed3484&state=585242490&redirect_uri=http%3A%2F%2Flocalhost%3A9005&scope=read%3Auser%20repo%20public_repo
[info] 
[info] Waiting for authentication...
[debug] [2024-01-22T01:21:22.434Z] >>> [apiv2][query] POST https://github.com/login/oauth/access_token [none]
[debug] [2024-01-22T01:21:22.437Z] >>> [apiv2][body] POST https://github.com/login/oauth/access_token [stream]
[debug] [2024-01-22T01:21:22.928Z] <<< [apiv2][status] POST https://github.com/login/oauth/access_token 200
[debug] [2024-01-22T01:21:22.928Z] <<< [apiv2][body] POST https://github.com/login/oauth/access_token {"access_token":"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","token_type":"bearer","scope":"read:user,repo"}
[debug] [2024-01-22T01:21:22.941Z] >>> [apiv2][query] GET https://api.github.com/user [none]
[debug] [2024-01-22T01:21:23.409Z] <<< [apiv2][status] GET https://api.github.com/user 200
[debug] [2024-01-22T01:21:23.410Z] <<< [apiv2][body] GET https://api.github.com/user {"login":"anadi-pandey","id":69792379,"node_id":"MDQ6VXNlcjY5NzkyMzc5","avatar_url":"https://avatars.githubusercontent.com/u/69792379?v=4","gravatar_id":"","url":"https://api.github.com/users/anadi-pandey","html_url":"https://github.com/anadi-pandey","followers_url":"https://api.github.com/users/anadi-pandey/followers","following_url":"https://api.github.com/users/anadi-pandey/following{/other_user}","gists_url":"https://api.github.com/users/anadi-pandey/gists{/gist_id}","starred_url":"https://api.github.com/users/anadi-pandey/starred{/owner}{/repo}","subscriptions_url":"https://api.github.com/users/anadi-pandey/subscriptions","organizations_url":"https://api.github.com/users/anadi-pandey/orgs","repos_url":"https://api.github.com/users/anadi-pandey/repos","events_url":"https://api.github.com/users/anadi-pandey/events{/privacy}","received_events_url":"https://api.github.com/users/anadi-pandey/received_events","type":"User","site_admin":false,"name":"Anadi Krishna Pandey","company":null,"blog":"","location":null,"email":null,"hireable":null,"bio":null,"twitter_username":null,"public_repos":16,"public_gists":0,"followers":5,"following":1,"created_at":"2020-08-17T09:18:51Z","updated_at":"2023-11-17T15:23:16Z","private_gists":0,"total_private_repos":5,"owned_private_repos":5,"disk_usage":64497,"collaborators":4,"two_factor_authentication":false,"plan":{"name":"free","space":976562499,"collaborators":0,"private_repos":10000}}
[info] 
[info] ✔  Success! Logged into GitHub as anadi-pandey 
[info] 
[debug] [2024-01-22T01:21:36.171Z] >>> [apiv2][query] GET https://api.github.com/repos/n/actions/secrets/public-key type=owner
[debug] [2024-01-22T01:21:36.752Z] <<< [apiv2][status] GET https://api.github.com/repos/n/actions/secrets/public-key 404
[debug] [2024-01-22T01:21:36.753Z] <<< [apiv2][body] GET https://api.github.com/repos/n/actions/secrets/public-key {"message":"Not Found","documentation_url":"https://docs.github.com/rest"}
[info] 
[info] 
[error] ⚠  The provided authorization cannot be used with this repository. If this repository is in an organization, did you remember to grant access? 
[info] 
[info] i  Action required: Visit this URL to ensure access has been granted to the appropriate organization(s) for the Firebase CLI GitHub OAuth App: 
[info] https://github.com/settings/connections/applications/89cf50f02ac6aaed3484
[info] 
